Determining if the pthread_create exist failed with the following output:
Change Dir: /home/vagrant/Projects/lab-08-asio-client/_builds/gcc-7-cxx17-pic-Debug/CMakeFiles/CMakeTmp

Run Build Command:"/usr/bin/make" "cmTC_e2ef2/fast"
/usr/bin/make -f CMakeFiles/cmTC_e2ef2.dir/build.make CMakeFiles/cmTC_e2ef2.dir/build
make[1]: Entering directory '/home/vagrant/Projects/lab-08-asio-client/_builds/gcc-7-cxx17-pic-Debug/CMakeFiles/CMakeTmp'
Building C object CMakeFiles/cmTC_e2ef2.dir/CheckSymbolExists.c.o
/usr/bin/gcc-7   -fPIC    -o CMakeFiles/cmTC_e2ef2.dir/CheckSymbolExists.c.o   -c /home/vagrant/Projects/lab-08-asio-client/_builds/gcc-7-cxx17-pic-Debug/CMakeFiles/CMakeTmp/CheckSymbolExists.c
Linking C executable cmTC_e2ef2
/usr/local/bin/cmake -E cmake_link_script CMakeFiles/cmTC_e2ef2.dir/link.txt --verbose=1
/usr/bin/gcc-7 -fPIC     CMakeFiles/cmTC_e2ef2.dir/CheckSymbolExists.c.o  -o cmTC_e2ef2 
CMakeFiles/cmTC_e2ef2.dir/CheckSymbolExists.c.o: In function `main':
CheckSymbolExists.c:(.text+0x1b): undefined reference to `pthread_create'
collect2: error: ld returned 1 exit status
CMakeFiles/cmTC_e2ef2.dir/build.make:86: recipe for target 'cmTC_e2ef2' failed
make[1]: *** [cmTC_e2ef2] Error 1
make[1]: Leaving directory '/home/vagrant/Projects/lab-08-asio-client/_builds/gcc-7-cxx17-pic-Debug/CMakeFiles/CMakeTmp'
Makefile:121: recipe for target 'cmTC_e2ef2/fast' failed
make: *** [cmTC_e2ef2/fast] Error 2

File /home/vagrant/Projects/lab-08-asio-client/_builds/gcc-7-cxx17-pic-Debug/CMakeFiles/CMakeTmp/CheckSymbolExists.c:
/* */
#include <pthread.h>

int main(int argc, char** argv)
{
  (void)argv;
#ifndef pthread_create
  return ((int*)(&pthread_create))[argc];
#else
  (void)argc;
  return 0;
#endif
}

Determining if the function pthread_create exists in the pthreads failed with the following output:
Change Dir: /home/vagrant/Projects/lab-08-asio-client/_builds/gcc-7-cxx17-pic-Debug/CMakeFiles/CMakeTmp

Run Build Command:"/usr/bin/make" "cmTC_e761e/fast"
/usr/bin/make -f CMakeFiles/cmTC_e761e.dir/build.make CMakeFiles/cmTC_e761e.dir/build
make[1]: Entering directory '/home/vagrant/Projects/lab-08-asio-client/_builds/gcc-7-cxx17-pic-Debug/CMakeFiles/CMakeTmp'
Building C object CMakeFiles/cmTC_e761e.dir/CheckFunctionExists.c.o
/usr/bin/gcc-7   -fPIC -DCHECK_FUNCTION_EXISTS=pthread_create   -o CMakeFiles/cmTC_e761e.dir/CheckFunctionExists.c.o   -c /usr/local/share/cmake-3.13/Modules/CheckFunctionExists.c
Linking C executable cmTC_e761e
/usr/local/bin/cmake -E cmake_link_script CMakeFiles/cmTC_e761e.dir/link.txt --verbose=1
/usr/bin/gcc-7 -fPIC -DCHECK_FUNCTION_EXISTS=pthread_create    CMakeFiles/cmTC_e761e.dir/CheckFunctionExists.c.o  -o cmTC_e761e -lpthreads 
/usr/bin/ld: cannot find -lpthreads
collect2: error: ld returned 1 exit status
CMakeFiles/cmTC_e761e.dir/build.make:86: recipe for target 'cmTC_e761e' failed
make[1]: *** [cmTC_e761e] Error 1
make[1]: Leaving directory '/home/vagrant/Projects/lab-08-asio-client/_builds/gcc-7-cxx17-pic-Debug/CMakeFiles/CMakeTmp'
Makefile:121: recipe for target 'cmTC_e761e/fast' failed
make: *** [cmTC_e761e/fast] Error 2


